test constructors
empty : 0
size : 1
capacity : 2
max size : 288230376151711743
front : Sed vehicula tellus eu erat
back : Sed vehicula tellus eu erat
content : 
Sed vehicula tellus eu erat
reverse content : 
Sed vehicula tellus eu erat
empty : 0
size : 1
capacity : 2
max size : 288230376151711743
front : Sed vehicula tellus eu erat
back : Sed vehicula tellus eu erat
content : 
Sed vehicula tellus eu erat
reverse content : 
Sed vehicula tellus eu erat
empty : 0
size : 1
capacity : 2
max size : 288230376151711743
front : Sed vehicula tellus eu erat
back : Sed vehicula tellus eu erat
content : 
Sed vehicula tellus eu erat
reverse content : 
Sed vehicula tellus eu erat
empty : 0
size : 1
capacity : 1
max size : 288230376151711743
front : Sed vehicula tellus eu erat
back : Sed vehicula tellus eu erat
content : 
Sed vehicula tellus eu erat
reverse content : 
Sed vehicula tellus eu erat
empty : 0
size : 1
capacity : 2
max size : 288230376151711743
front : Sed vehicula tellus eu erat
back : Sed vehicula tellus eu erat
content : 
Sed vehicula tellus eu erat
reverse content : 
Sed vehicula tellus eu erat
test assign
empty : 0
size : 35
capacity : 35
max size : 288230376151711743
front : congue dictum. Fusce a ultrices
back : congue dictum. Fusce a ultrices
content : 
congue dictum. Fusce a ultrices
congue dictum. Fusce a ultrices
congue dictum. Fusce a ultrices
congue dictum. Fusce a ultrices
congue dictum. Fusce a ultrices
congue dictum. Fusce a ultrices
congue dictum. Fusce a ultrices
congue dictum. Fusce a ultrices
congue dictum. Fusce a ultrices
congue dictum. Fusce a ultrices
congue dictum. Fusce a ultrices
congue dictum. Fusce a ultrices
congue dictum. Fusce a ultrices
congue dictum. Fusce a ultrices
congue dictum. Fusce a ultrices
congue dictum. Fusce a ultrices
congue dictum. Fusce a ultrices
congue dictum. Fusce a ultrices
congue dictum. Fusce a ultrices
congue dictum. Fusce a ultrices
congue dictum. Fusce a ultrices
congue dictum. Fusce a ultrices
congue dictum. Fusce a ultrices
congue dictum. Fusce a ultrices
congue dictum. Fusce a ultrices
congue dictum. Fusce a ultrices
congue dictum. Fusce a ultrices
congue dictum. Fusce a ultrices
congue dictum. Fusce a ultrices
congue dictum. Fusce a ultrices
congue dictum. Fusce a ultrices
congue dictum. Fusce a ultrices
congue dictum. Fusce a ultrices
congue dictum. Fusce a ultrices
congue dictum. Fusce a ultrices
reverse content : 
congue dictum. Fusce a ultrices
congue dictum. Fusce a ultrices
congue dictum. Fusce a ultrices
congue dictum. Fusce a ultrices
congue dictum. Fusce a ultrices
congue dictum. Fusce a ultrices
congue dictum. Fusce a ultrices
congue dictum. Fusce a ultrices
congue dictum. Fusce a ultrices
congue dictum. Fusce a ultrices
congue dictum. Fusce a ultrices
congue dictum. Fusce a ultrices
congue dictum. Fusce a ultrices
congue dictum. Fusce a ultrices
congue dictum. Fusce a ultrices
congue dictum. Fusce a ultrices
congue dictum. Fusce a ultrices
congue dictum. Fusce a ultrices
congue dictum. Fusce a ultrices
congue dictum. Fusce a ultrices
congue dictum. Fusce a ultrices
congue dictum. Fusce a ultrices
congue dictum. Fusce a ultrices
congue dictum. Fusce a ultrices
congue dictum. Fusce a ultrices
congue dictum. Fusce a ultrices
congue dictum. Fusce a ultrices
congue dictum. Fusce a ultrices
congue dictum. Fusce a ultrices
congue dictum. Fusce a ultrices
congue dictum. Fusce a ultrices
congue dictum. Fusce a ultrices
congue dictum. Fusce a ultrices
congue dictum. Fusce a ultrices
congue dictum. Fusce a ultrices
empty : 0
size : 35
capacity : 35
max size : 288230376151711743
front : congue dictum. Fusce a ultrices
back : congue dictum. Fusce a ultrices
content : 
congue dictum. Fusce a ultrices
congue dictum. Fusce a ultrices
congue dictum. Fusce a ultrices
congue dictum. Fusce a ultrices
congue dictum. Fusce a ultrices
congue dictum. Fusce a ultrices
congue dictum. Fusce a ultrices
congue dictum. Fusce a ultrices
congue dictum. Fusce a ultrices
congue dictum. Fusce a ultrices
congue dictum. Fusce a ultrices
congue dictum. Fusce a ultrices
congue dictum. Fusce a ultrices
congue dictum. Fusce a ultrices
congue dictum. Fusce a ultrices
congue dictum. Fusce a ultrices
congue dictum. Fusce a ultrices
congue dictum. Fusce a ultrices
congue dictum. Fusce a ultrices
congue dictum. Fusce a ultrices
congue dictum. Fusce a ultrices
congue dictum. Fusce a ultrices
congue dictum. Fusce a ultrices
congue dictum. Fusce a ultrices
congue dictum. Fusce a ultrices
congue dictum. Fusce a ultrices
congue dictum. Fusce a ultrices
congue dictum. Fusce a ultrices
congue dictum. Fusce a ultrices
congue dictum. Fusce a ultrices
congue dictum. Fusce a ultrices
congue dictum. Fusce a ultrices
congue dictum. Fusce a ultrices
congue dictum. Fusce a ultrices
congue dictum. Fusce a ultrices
reverse content : 
congue dictum. Fusce a ultrices
congue dictum. Fusce a ultrices
congue dictum. Fusce a ultrices
congue dictum. Fusce a ultrices
congue dictum. Fusce a ultrices
congue dictum. Fusce a ultrices
congue dictum. Fusce a ultrices
congue dictum. Fusce a ultrices
congue dictum. Fusce a ultrices
congue dictum. Fusce a ultrices
congue dictum. Fusce a ultrices
congue dictum. Fusce a ultrices
congue dictum. Fusce a ultrices
congue dictum. Fusce a ultrices
congue dictum. Fusce a ultrices
congue dictum. Fusce a ultrices
congue dictum. Fusce a ultrices
congue dictum. Fusce a ultrices
congue dictum. Fusce a ultrices
congue dictum. Fusce a ultrices
congue dictum. Fusce a ultrices
congue dictum. Fusce a ultrices
congue dictum. Fusce a ultrices
congue dictum. Fusce a ultrices
congue dictum. Fusce a ultrices
congue dictum. Fusce a ultrices
congue dictum. Fusce a ultrices
congue dictum. Fusce a ultrices
congue dictum. Fusce a ultrices
congue dictum. Fusce a ultrices
congue dictum. Fusce a ultrices
congue dictum. Fusce a ultrices
congue dictum. Fusce a ultrices
congue dictum. Fusce a ultrices
congue dictum. Fusce a ultrices
empty : 0
size : 1
capacity : 1
max size : 288230376151711743
front : Sed vehicula tellus eu erat
back : Sed vehicula tellus eu erat
content : 
Sed vehicula tellus eu erat
reverse content : 
Sed vehicula tellus eu erat
empty : 0
size : 1
capacity : 1
max size : 288230376151711743
front : Sed vehicula tellus eu erat
back : Sed vehicula tellus eu erat
content : 
Sed vehicula tellus eu erat
reverse content : 
Sed vehicula tellus eu erat
empty : 0
size : 35
capacity : 35
max size : 288230376151711743
front : congue dictum. Fusce a ultrices
back : congue dictum. Fusce a ultrices
content : 
congue dictum. Fusce a ultrices
congue dictum. Fusce a ultrices
congue dictum. Fusce a ultrices
congue dictum. Fusce a ultrices
congue dictum. Fusce a ultrices
congue dictum. Fusce a ultrices
congue dictum. Fusce a ultrices
congue dictum. Fusce a ultrices
congue dictum. Fusce a ultrices
congue dictum. Fusce a ultrices
congue dictum. Fusce a ultrices
congue dictum. Fusce a ultrices
congue dictum. Fusce a ultrices
congue dictum. Fusce a ultrices
congue dictum. Fusce a ultrices
congue dictum. Fusce a ultrices
congue dictum. Fusce a ultrices
congue dictum. Fusce a ultrices
congue dictum. Fusce a ultrices
congue dictum. Fusce a ultrices
congue dictum. Fusce a ultrices
congue dictum. Fusce a ultrices
congue dictum. Fusce a ultrices
congue dictum. Fusce a ultrices
congue dictum. Fusce a ultrices
congue dictum. Fusce a ultrices
congue dictum. Fusce a ultrices
congue dictum. Fusce a ultrices
congue dictum. Fusce a ultrices
congue dictum. Fusce a ultrices
congue dictum. Fusce a ultrices
congue dictum. Fusce a ultrices
congue dictum. Fusce a ultrices
congue dictum. Fusce a ultrices
congue dictum. Fusce a ultrices
reverse content : 
congue dictum. Fusce a ultrices
congue dictum. Fusce a ultrices
congue dictum. Fusce a ultrices
congue dictum. Fusce a ultrices
congue dictum. Fusce a ultrices
congue dictum. Fusce a ultrices
congue dictum. Fusce a ultrices
congue dictum. Fusce a ultrices
congue dictum. Fusce a ultrices
congue dictum. Fusce a ultrices
congue dictum. Fusce a ultrices
congue dictum. Fusce a ultrices
congue dictum. Fusce a ultrices
congue dictum. Fusce a ultrices
congue dictum. Fusce a ultrices
congue dictum. Fusce a ultrices
congue dictum. Fusce a ultrices
congue dictum. Fusce a ultrices
congue dictum. Fusce a ultrices
congue dictum. Fusce a ultrices
congue dictum. Fusce a ultrices
congue dictum. Fusce a ultrices
congue dictum. Fusce a ultrices
congue dictum. Fusce a ultrices
congue dictum. Fusce a ultrices
congue dictum. Fusce a ultrices
congue dictum. Fusce a ultrices
congue dictum. Fusce a ultrices
congue dictum. Fusce a ultrices
congue dictum. Fusce a ultrices
congue dictum. Fusce a ultrices
congue dictum. Fusce a ultrices
congue dictum. Fusce a ultrices
congue dictum. Fusce a ultrices
congue dictum. Fusce a ultrices
test constructors
empty : 0
size : 17
capacity : 34
max size : 288230376151711743
front : This is a test
back : This is a test
content : 
This is a test
This is a test
This is a test
This is a test
This is a test
This is a test
This is a test
This is a test
This is a test
This is a test
This is a test
This is a test
This is a test
This is a test
This is a test
This is a test
This is a test
reverse content : 
This is a test
This is a test
This is a test
This is a test
This is a test
This is a test
This is a test
This is a test
This is a test
This is a test
This is a test
This is a test
This is a test
This is a test
This is a test
This is a test
This is a test
empty : 0
size : 17
capacity : 34
max size : 288230376151711743
front : This is a test
back : This is a test
content : 
This is a test
This is a test
This is a test
This is a test
This is a test
This is a test
This is a test
This is a test
This is a test
This is a test
This is a test
This is a test
This is a test
This is a test
This is a test
This is a test
This is a test
reverse content : 
This is a test
This is a test
This is a test
This is a test
This is a test
This is a test
This is a test
This is a test
This is a test
This is a test
This is a test
This is a test
This is a test
This is a test
This is a test
This is a test
This is a test
empty : 0
size : 17
capacity : 34
max size : 288230376151711743
front : This is a test
back : This is a test
content : 
This is a test
This is a test
This is a test
This is a test
This is a test
This is a test
This is a test
This is a test
This is a test
This is a test
This is a test
This is a test
This is a test
This is a test
This is a test
This is a test
This is a test
reverse content : 
This is a test
This is a test
This is a test
This is a test
This is a test
This is a test
This is a test
This is a test
This is a test
This is a test
This is a test
This is a test
This is a test
This is a test
This is a test
This is a test
This is a test
empty : 0
size : 17
capacity : 34
max size : 288230376151711743
front : This is a test
back : This is a test
content : 
This is a test
This is a test
This is a test
This is a test
This is a test
This is a test
This is a test
This is a test
This is a test
This is a test
This is a test
This is a test
This is a test
This is a test
This is a test
This is a test
This is a test
reverse content : 
This is a test
This is a test
This is a test
This is a test
This is a test
This is a test
This is a test
This is a test
This is a test
This is a test
This is a test
This is a test
This is a test
This is a test
This is a test
This is a test
This is a test
empty : 0
size : 17
capacity : 17
max size : 288230376151711743
front : This is a test
back : This is a test
content : 
This is a test
This is a test
This is a test
This is a test
This is a test
This is a test
This is a test
This is a test
This is a test
This is a test
This is a test
This is a test
This is a test
This is a test
This is a test
This is a test
This is a test
reverse content : 
This is a test
This is a test
This is a test
This is a test
This is a test
This is a test
This is a test
This is a test
This is a test
This is a test
This is a test
This is a test
This is a test
This is a test
This is a test
This is a test
This is a test
empty : 0
size : 17
capacity : 34
max size : 288230376151711743
front : This is a test
back : This is a test
content : 
This is a test
This is a test
This is a test
This is a test
This is a test
This is a test
This is a test
This is a test
This is a test
This is a test
This is a test
This is a test
This is a test
This is a test
This is a test
This is a test
This is a test
reverse content : 
This is a test
This is a test
This is a test
This is a test
This is a test
This is a test
This is a test
This is a test
This is a test
This is a test
This is a test
This is a test
This is a test
This is a test
This is a test
This is a test
This is a test
empty : 0
size : 17
capacity : 17
max size : 288230376151711743
front : This is a test
back : This is a test
content : 
This is a test
This is a test
This is a test
This is a test
This is a test
This is a test
This is a test
This is a test
This is a test
This is a test
This is a test
This is a test
This is a test
This is a test
This is a test
This is a test
This is a test
reverse content : 
This is a test
This is a test
This is a test
This is a test
This is a test
This is a test
This is a test
This is a test
This is a test
This is a test
This is a test
This is a test
This is a test
This is a test
This is a test
This is a test
This is a test
test constructors
empty : 0
size : 7
capacity : 14
max size : 288230376151711743
front : Pellentesque eget risus efficitur
back : Pellentesque eget risus efficitur
content : 
Pellentesque eget risus efficitur
Pellentesque eget risus efficitur
Pellentesque eget risus efficitur
Pellentesque eget risus efficitur
Pellentesque eget risus efficitur
Pellentesque eget risus efficitur
Pellentesque eget risus efficitur
reverse content : 
Pellentesque eget risus efficitur
Pellentesque eget risus efficitur
Pellentesque eget risus efficitur
Pellentesque eget risus efficitur
Pellentesque eget risus efficitur
Pellentesque eget risus efficitur
Pellentesque eget risus efficitur
empty : 0
size : 7
capacity : 14
max size : 288230376151711743
front : Pellentesque eget risus efficitur
back : Pellentesque eget risus efficitur
content : 
Pellentesque eget risus efficitur
Pellentesque eget risus efficitur
Pellentesque eget risus efficitur
Pellentesque eget risus efficitur
Pellentesque eget risus efficitur
Pellentesque eget risus efficitur
Pellentesque eget risus efficitur
reverse content : 
Pellentesque eget risus efficitur
Pellentesque eget risus efficitur
Pellentesque eget risus efficitur
Pellentesque eget risus efficitur
Pellentesque eget risus efficitur
Pellentesque eget risus efficitur
Pellentesque eget risus efficitur
empty : 0
size : 7
capacity : 14
max size : 288230376151711743
front : Pellentesque eget risus efficitur
back : Pellentesque eget risus efficitur
content : 
Pellentesque eget risus efficitur
Pellentesque eget risus efficitur
Pellentesque eget risus efficitur
Pellentesque eget risus efficitur
Pellentesque eget risus efficitur
Pellentesque eget risus efficitur
Pellentesque eget risus efficitur
reverse content : 
Pellentesque eget risus efficitur
Pellentesque eget risus efficitur
Pellentesque eget risus efficitur
Pellentesque eget risus efficitur
Pellentesque eget risus efficitur
Pellentesque eget risus efficitur
Pellentesque eget risus efficitur
empty : 0
size : 7
capacity : 14
max size : 288230376151711743
front : Pellentesque eget risus efficitur
back : Pellentesque eget risus efficitur
content : 
Pellentesque eget risus efficitur
Pellentesque eget risus efficitur
Pellentesque eget risus efficitur
Pellentesque eget risus efficitur
Pellentesque eget risus efficitur
Pellentesque eget risus efficitur
Pellentesque eget risus efficitur
reverse content : 
Pellentesque eget risus efficitur
Pellentesque eget risus efficitur
Pellentesque eget risus efficitur
Pellentesque eget risus efficitur
Pellentesque eget risus efficitur
Pellentesque eget risus efficitur
Pellentesque eget risus efficitur
empty : 0
size : 7
capacity : 7
max size : 288230376151711743
front : Pellentesque eget risus efficitur
back : Pellentesque eget risus efficitur
content : 
Pellentesque eget risus efficitur
Pellentesque eget risus efficitur
Pellentesque eget risus efficitur
Pellentesque eget risus efficitur
Pellentesque eget risus efficitur
Pellentesque eget risus efficitur
Pellentesque eget risus efficitur
reverse content : 
Pellentesque eget risus efficitur
Pellentesque eget risus efficitur
Pellentesque eget risus efficitur
Pellentesque eget risus efficitur
Pellentesque eget risus efficitur
Pellentesque eget risus efficitur
Pellentesque eget risus efficitur
basic_string::_M_create
empty : 0
size : 7
capacity : 14
max size : 288230376151711743
front : Pellentesque eget risus efficitur
back : Pellentesque eget risus efficitur
content : 
Pellentesque eget risus efficitur
Pellentesque eget risus efficitur
Pellentesque eget risus efficitur
Pellentesque eget risus efficitur
Pellentesque eget risus efficitur
Pellentesque eget risus efficitur
Pellentesque eget risus efficitur
reverse content : 
Pellentesque eget risus efficitur
Pellentesque eget risus efficitur
Pellentesque eget risus efficitur
Pellentesque eget risus efficitur
Pellentesque eget risus efficitur
Pellentesque eget risus efficitur
Pellentesque eget risus efficitur
empty : 0
size : 7
capacity : 14
max size : 288230376151711743
front : Pellentesque eget risus efficitur
back : Pellentesque eget risus efficitur
content : 
Pellentesque eget risus efficitur
Pellentesque eget risus efficitur
Pellentesque eget risus efficitur
Pellentesque eget risus efficitur
Pellentesque eget risus efficitur
Pellentesque eget risus efficitur
Pellentesque eget risus efficitur
reverse content : 
Pellentesque eget risus efficitur
Pellentesque eget risus efficitur
Pellentesque eget risus efficitur
Pellentesque eget risus efficitur
Pellentesque eget risus efficitur
Pellentesque eget risus efficitur
Pellentesque eget risus efficitur
empty : 0
size : 7
capacity : 8
max size : 288230376151711743
front : Pellentesque eget risus efficitur
back : Pellentesque eget risus efficitur
content : 
Pellentesque eget risus efficitur
Pellentesque eget risus efficitur
Pellentesque eget risus efficitur
Pellentesque eget risus efficitur
Pellentesque eget risus efficitur
Pellentesque eget risus efficitur
Pellentesque eget risus efficitur
reverse content : 
Pellentesque eget risus efficitur
Pellentesque eget risus efficitur
Pellentesque eget risus efficitur
Pellentesque eget risus efficitur
Pellentesque eget risus efficitur
Pellentesque eget risus efficitur
Pellentesque eget risus efficitur
empty : 0
size : 7
capacity : 14
max size : 288230376151711743
front : Pellentesque eget risus efficitur
back : Pellentesque eget risus efficitur
content : 
Pellentesque eget risus efficitur
Pellentesque eget risus efficitur
Pellentesque eget risus efficitur
Pellentesque eget risus efficitur
Pellentesque eget risus efficitur
Pellentesque eget risus efficitur
Pellentesque eget risus efficitur
reverse content : 
Pellentesque eget risus efficitur
Pellentesque eget risus efficitur
Pellentesque eget risus efficitur
Pellentesque eget risus efficitur
Pellentesque eget risus efficitur
Pellentesque eget risus efficitur
Pellentesque eget risus efficitur
empty : 0
size : 7
capacity : 8
max size : 288230376151711743
front : Pellentesque eget risus efficitur
back : Pellentesque eget risus efficitur
content : 
Pellentesque eget risus efficitur
Pellentesque eget risus efficitur
Pellentesque eget risus efficitur
Pellentesque eget risus efficitur
Pellentesque eget risus efficitur
Pellentesque eget risus efficitur
Pellentesque eget risus efficitur
reverse content : 
Pellentesque eget risus efficitur
Pellentesque eget risus efficitur
Pellentesque eget risus efficitur
Pellentesque eget risus efficitur
Pellentesque eget risus efficitur
Pellentesque eget risus efficitur
Pellentesque eget risus efficitur
test copy constructor
empty : 0
size : 7
capacity : 8
max size : 288230376151711743
front : Pellentesque eget risus efficitur
back : Pellentesque eget risus efficitur
content : 
Pellentesque eget risus efficitur
Pellentesque eget risus efficitur
Pellentesque eget risus efficitur
Pellentesque eget risus efficitur
Pellentesque eget risus efficitur
Pellentesque eget risus efficitur
Pellentesque eget risus efficitur
reverse content : 
Pellentesque eget risus efficitur
Pellentesque eget risus efficitur
Pellentesque eget risus efficitur
Pellentesque eget risus efficitur
Pellentesque eget risus efficitur
Pellentesque eget risus efficitur
Pellentesque eget risus efficitur
empty : 0
size : 7
capacity : 14
max size : 288230376151711743
front : Pellentesque eget risus efficitur
back : Pellentesque eget risus efficitur
content : 
Pellentesque eget risus efficitur
Pellentesque eget risus efficitur
Pellentesque eget risus efficitur
Pellentesque eget risus efficitur
Pellentesque eget risus efficitur
Pellentesque eget risus efficitur
Pellentesque eget risus efficitur
reverse content : 
Pellentesque eget risus efficitur
Pellentesque eget risus efficitur
Pellentesque eget risus efficitur
Pellentesque eget risus efficitur
Pellentesque eget risus efficitur
Pellentesque eget risus efficitur
Pellentesque eget risus efficitur
empty : 0
size : 7
capacity : 8
max size : 288230376151711743
front : Pellentesque eget risus efficitur
back : Pellentesque eget risus efficitur
content : 
Pellentesque eget risus efficitur
Pellentesque eget risus efficitur
Pellentesque eget risus efficitur
Pellentesque eget risus efficitur
Pellentesque eget risus efficitur
Pellentesque eget risus efficitur
Pellentesque eget risus efficitur
reverse content : 
Pellentesque eget risus efficitur
Pellentesque eget risus efficitur
Pellentesque eget risus efficitur
Pellentesque eget risus efficitur
Pellentesque eget risus efficitur
Pellentesque eget risus efficitur
Pellentesque eget risus efficitur
test assignment operator
