BASIC TEST : 0
TEST : 0 - CONSTRUCTORS
empty : 0
size : 10
content : 
175389892 => This is a test
229233696 => 
442951012 => nisi id scelerisque.
647800535 => Phasellus ut rutrum ante.
682599717 => This is a test
783815874 => eget pretium velit vehicula et.
1212580698 => magna. Morbi fringilla ullamcorper
1366999021 => Sed vehicula tellus eu erat
1483128881 => magna. Morbi fringilla ullamcorper
2108313867 => Sed vehicula tellus eu erat
empty : 0
size : 10
content : 
175389892 => This is a test
229233696 => 
442951012 => nisi id scelerisque.
647800535 => Phasellus ut rutrum ante.
682599717 => This is a test
783815874 => eget pretium velit vehicula et.
1212580698 => magna. Morbi fringilla ullamcorper
1366999021 => Sed vehicula tellus eu erat
1483128881 => magna. Morbi fringilla ullamcorper
2108313867 => Sed vehicula tellus eu erat
empty : 0
size : 10
content : 
175389892 => This is a test
229233696 => 
442951012 => nisi id scelerisque.
647800535 => Phasellus ut rutrum ante.
682599717 => This is a test
783815874 => eget pretium velit vehicula et.
1212580698 => magna. Morbi fringilla ullamcorper
1366999021 => Sed vehicula tellus eu erat
1483128881 => magna. Morbi fringilla ullamcorper
2108313867 => Sed vehicula tellus eu erat
empty : 0
size : 10
content : 
175389892 => This is a test
229233696 => 
442951012 => nisi id scelerisque.
647800535 => Phasellus ut rutrum ante.
682599717 => This is a test
783815874 => eget pretium velit vehicula et.
1212580698 => magna. Morbi fringilla ullamcorper
1366999021 => Sed vehicula tellus eu erat
1483128881 => magna. Morbi fringilla ullamcorper
2108313867 => Sed vehicula tellus eu erat
empty : 0
size : 10
content : 
175389892 => This is a test
229233696 => 
442951012 => nisi id scelerisque.
647800535 => Phasellus ut rutrum ante.
682599717 => This is a test
783815874 => eget pretium velit vehicula et.
1212580698 => magna. Morbi fringilla ullamcorper
1366999021 => Sed vehicula tellus eu erat
1483128881 => magna. Morbi fringilla ullamcorper
2108313867 => Sed vehicula tellus eu erat
BASIC TEST : 1
TEST : 1 - OPERATOR=
empty : 0
size : 10
content : 
175389892 => This is a test
229233696 => 
442951012 => nisi id scelerisque.
647800535 => Phasellus ut rutrum ante.
682599717 => This is a test
783815874 => eget pretium velit vehicula et.
1212580698 => magna. Morbi fringilla ullamcorper
1366999021 => Sed vehicula tellus eu erat
1483128881 => magna. Morbi fringilla ullamcorper
2108313867 => Sed vehicula tellus eu erat
empty : 0
size : 10
content : 
175389892 => This is a test
229233696 => 
442951012 => nisi id scelerisque.
647800535 => Phasellus ut rutrum ante.
682599717 => This is a test
783815874 => eget pretium velit vehicula et.
1212580698 => magna. Morbi fringilla ullamcorper
1366999021 => Sed vehicula tellus eu erat
1483128881 => magna. Morbi fringilla ullamcorper
2108313867 => Sed vehicula tellus eu erat
BASIC TEST : 2
TEST : 2 - CONSTRUCTORS
empty : 0
size : 10
content : 
462848424 => congue dictum. Fusce a ultrices
541347900 => nisi id scelerisque.
590056433 => eget pretium velit vehicula et.
606808455 => all tests should pass
1040001951 => Lorem ipsum dolor sit amet
1564541169 => nisi id scelerisque.
1709672141 => euismod mi ut, tristique lorem.
1961870665 => Lorem ipsum dolor sit amet
1962112916 => 	
2112195221 => This is a test
empty : 0
size : 10
content : 
462848424 => congue dictum. Fusce a ultrices
541347900 => nisi id scelerisque.
590056433 => eget pretium velit vehicula et.
606808455 => all tests should pass
1040001951 => Lorem ipsum dolor sit amet
1564541169 => nisi id scelerisque.
1709672141 => euismod mi ut, tristique lorem.
1961870665 => Lorem ipsum dolor sit amet
1962112916 => 	
2112195221 => This is a test
empty : 0
size : 10
content : 
462848424 => congue dictum. Fusce a ultrices
541347900 => nisi id scelerisque.
590056433 => eget pretium velit vehicula et.
606808455 => all tests should pass
1040001951 => Lorem ipsum dolor sit amet
1564541169 => nisi id scelerisque.
1709672141 => euismod mi ut, tristique lorem.
1961870665 => Lorem ipsum dolor sit amet
1962112916 => 	
2112195221 => This is a test
empty : 0
size : 10
content : 
462848424 => congue dictum. Fusce a ultrices
541347900 => nisi id scelerisque.
590056433 => eget pretium velit vehicula et.
606808455 => all tests should pass
1040001951 => Lorem ipsum dolor sit amet
1564541169 => nisi id scelerisque.
1709672141 => euismod mi ut, tristique lorem.
1961870665 => Lorem ipsum dolor sit amet
1962112916 => 	
2112195221 => This is a test
empty : 0
size : 10
content : 
462848424 => congue dictum. Fusce a ultrices
541347900 => nisi id scelerisque.
590056433 => eget pretium velit vehicula et.
606808455 => all tests should pass
1040001951 => Lorem ipsum dolor sit amet
1564541169 => nisi id scelerisque.
1709672141 => euismod mi ut, tristique lorem.
1961870665 => Lorem ipsum dolor sit amet
1962112916 => 	
2112195221 => This is a test
BASIC TEST : 3
TEST : 3 - OPERATOR=
empty : 0
size : 10
content : 
462848424 => congue dictum. Fusce a ultrices
541347900 => nisi id scelerisque.
590056433 => eget pretium velit vehicula et.
606808455 => all tests should pass
1040001951 => Lorem ipsum dolor sit amet
1564541169 => nisi id scelerisque.
1709672141 => euismod mi ut, tristique lorem.
1961870665 => Lorem ipsum dolor sit amet
1962112916 => 	
2112195221 => This is a test
empty : 0
size : 10
content : 
462848424 => congue dictum. Fusce a ultrices
541347900 => nisi id scelerisque.
590056433 => eget pretium velit vehicula et.
606808455 => all tests should pass
1040001951 => Lorem ipsum dolor sit amet
1564541169 => nisi id scelerisque.
1709672141 => euismod mi ut, tristique lorem.
1961870665 => Lorem ipsum dolor sit amet
1962112916 => 	
2112195221 => This is a test
BASIC TEST : 4
TEST : 4 - COPY CONSTRUCTOR
empty : 0
size : 10
content : 
462848424 => congue dictum. Fusce a ultrices
541347900 => nisi id scelerisque.
590056433 => eget pretium velit vehicula et.
606808455 => all tests should pass
1040001951 => Lorem ipsum dolor sit amet
1564541169 => nisi id scelerisque.
1709672141 => euismod mi ut, tristique lorem.
1961870665 => Lorem ipsum dolor sit amet
1962112916 => 	
2112195221 => This is a test
empty : 0
size : 10
content : 
462848424 => congue dictum. Fusce a ultrices
541347900 => nisi id scelerisque.
590056433 => eget pretium velit vehicula et.
606808455 => all tests should pass
1040001951 => Lorem ipsum dolor sit amet
1564541169 => nisi id scelerisque.
1709672141 => euismod mi ut, tristique lorem.
1961870665 => Lorem ipsum dolor sit amet
1962112916 => 	
2112195221 => This is a test
BASIC TEST : 5
TEST : 5 - OPERATOR=
empty : 0
size : 10
content : 
462848424 => congue dictum. Fusce a ultrices
541347900 => nisi id scelerisque.
590056433 => eget pretium velit vehicula et.
606808455 => all tests should pass
1040001951 => Lorem ipsum dolor sit amet
1564541169 => nisi id scelerisque.
1709672141 => euismod mi ut, tristique lorem.
1961870665 => Lorem ipsum dolor sit amet
1962112916 => 	
2112195221 => This is a test
empty : 0
size : 10
content : 
462848424 => congue dictum. Fusce a ultrices
541347900 => nisi id scelerisque.
590056433 => eget pretium velit vehicula et.
606808455 => all tests should pass
1040001951 => Lorem ipsum dolor sit amet
1564541169 => nisi id scelerisque.
1709672141 => euismod mi ut, tristique lorem.
1961870665 => Lorem ipsum dolor sit amet
1962112916 => 	
2112195221 => This is a test
BASIC TEST : 6
TEST : 6 - COPY CONSTRUCTOR
empty : 0
size : 10
content : 
462848424 => congue dictum. Fusce a ultrices
541347900 => nisi id scelerisque.
590056433 => eget pretium velit vehicula et.
606808455 => all tests should pass
1040001951 => Lorem ipsum dolor sit amet
1564541169 => nisi id scelerisque.
1709672141 => euismod mi ut, tristique lorem.
1961870665 => Lorem ipsum dolor sit amet
1962112916 => 	
2112195221 => This is a test
empty : 0
size : 10
content : 
462848424 => congue dictum. Fusce a ultrices
541347900 => nisi id scelerisque.
590056433 => eget pretium velit vehicula et.
606808455 => all tests should pass
1040001951 => Lorem ipsum dolor sit amet
1564541169 => nisi id scelerisque.
1709672141 => euismod mi ut, tristique lorem.
1961870665 => Lorem ipsum dolor sit amet
1962112916 => 	
2112195221 => This is a test
BASIC TEST : 7
TEST : 7 - CONSTRUCTORS
empty : 0
size : 10
content : 
183207520 => Phasellus ut rutrum ante.
254901822 => Phasellus ut rutrum ante.
469192935 => Phasellus ut rutrum ante.
494581272 => magna. Morbi fringilla ullamcorper
684743195 => there are many tests
1616936901 => congue dictum. Fusce a ultrices
1689146450 => nisi id scelerisque.
2028479995 => 	
2042690320 => Phasellus ut rutrum ante.
2100918483 => all tests should pass
empty : 0
size : 10
content : 
183207520 => Phasellus ut rutrum ante.
254901822 => Phasellus ut rutrum ante.
469192935 => Phasellus ut rutrum ante.
494581272 => magna. Morbi fringilla ullamcorper
684743195 => there are many tests
1616936901 => congue dictum. Fusce a ultrices
1689146450 => nisi id scelerisque.
2028479995 => 	
2042690320 => Phasellus ut rutrum ante.
2100918483 => all tests should pass
empty : 0
size : 10
content : 
183207520 => Phasellus ut rutrum ante.
254901822 => Phasellus ut rutrum ante.
469192935 => Phasellus ut rutrum ante.
494581272 => magna. Morbi fringilla ullamcorper
684743195 => there are many tests
1616936901 => congue dictum. Fusce a ultrices
1689146450 => nisi id scelerisque.
2028479995 => 	
2042690320 => Phasellus ut rutrum ante.
2100918483 => all tests should pass
empty : 0
size : 10
content : 
183207520 => Phasellus ut rutrum ante.
254901822 => Phasellus ut rutrum ante.
469192935 => Phasellus ut rutrum ante.
494581272 => magna. Morbi fringilla ullamcorper
684743195 => there are many tests
1616936901 => congue dictum. Fusce a ultrices
1689146450 => nisi id scelerisque.
2028479995 => 	
2042690320 => Phasellus ut rutrum ante.
2100918483 => all tests should pass
empty : 0
size : 10
content : 
183207520 => Phasellus ut rutrum ante.
254901822 => Phasellus ut rutrum ante.
469192935 => Phasellus ut rutrum ante.
494581272 => magna. Morbi fringilla ullamcorper
684743195 => there are many tests
1616936901 => congue dictum. Fusce a ultrices
1689146450 => nisi id scelerisque.
2028479995 => 	
2042690320 => Phasellus ut rutrum ante.
2100918483 => all tests should pass
BASIC TEST : 8
TEST : 8 - OPERATOR=
empty : 0
size : 10
content : 
183207520 => Phasellus ut rutrum ante.
254901822 => Phasellus ut rutrum ante.
469192935 => Phasellus ut rutrum ante.
494581272 => magna. Morbi fringilla ullamcorper
684743195 => there are many tests
1616936901 => congue dictum. Fusce a ultrices
1689146450 => nisi id scelerisque.
2028479995 => 	
2042690320 => Phasellus ut rutrum ante.
2100918483 => all tests should pass
empty : 0
size : 10
content : 
183207520 => Phasellus ut rutrum ante.
254901822 => Phasellus ut rutrum ante.
469192935 => Phasellus ut rutrum ante.
494581272 => magna. Morbi fringilla ullamcorper
684743195 => there are many tests
1616936901 => congue dictum. Fusce a ultrices
1689146450 => nisi id scelerisque.
2028479995 => 	
2042690320 => Phasellus ut rutrum ante.
2100918483 => all tests should pass
BASIC TEST : 9
TEST : 9 - CONSTRUCTORS
empty : 0
size : 10
content : 
204635682 => Lorem ipsum dolor sit amet
291198356 => eget pretium velit vehicula et.
519275039 => there are many tests
1042343401 => euismod mi ut, tristique lorem.
1105655106 => Curabitur elementum enim
1450949922 => 	
1673227668 => eget pretium velit vehicula et.
1692432651 => euismod mi ut, tristique lorem.
1754290516 => This is a test
1941755899 => 	
empty : 0
size : 10
content : 
204635682 => Lorem ipsum dolor sit amet
291198356 => eget pretium velit vehicula et.
519275039 => there are many tests
1042343401 => euismod mi ut, tristique lorem.
1105655106 => Curabitur elementum enim
1450949922 => 	
1673227668 => eget pretium velit vehicula et.
1692432651 => euismod mi ut, tristique lorem.
1754290516 => This is a test
1941755899 => 	
empty : 0
size : 10
content : 
204635682 => Lorem ipsum dolor sit amet
291198356 => eget pretium velit vehicula et.
519275039 => there are many tests
1042343401 => euismod mi ut, tristique lorem.
1105655106 => Curabitur elementum enim
1450949922 => 	
1673227668 => eget pretium velit vehicula et.
1692432651 => euismod mi ut, tristique lorem.
1754290516 => This is a test
1941755899 => 	
empty : 0
size : 10
content : 
204635682 => Lorem ipsum dolor sit amet
291198356 => eget pretium velit vehicula et.
519275039 => there are many tests
1042343401 => euismod mi ut, tristique lorem.
1105655106 => Curabitur elementum enim
1450949922 => 	
1673227668 => eget pretium velit vehicula et.
1692432651 => euismod mi ut, tristique lorem.
1754290516 => This is a test
1941755899 => 	
empty : 0
size : 10
content : 
204635682 => Lorem ipsum dolor sit amet
291198356 => eget pretium velit vehicula et.
519275039 => there are many tests
1042343401 => euismod mi ut, tristique lorem.
1105655106 => Curabitur elementum enim
1450949922 => 	
1673227668 => eget pretium velit vehicula et.
1692432651 => euismod mi ut, tristique lorem.
1754290516 => This is a test
1941755899 => 	
MAIN TEST : 0
TEST : 10 - ERASE
empty : 0
size : 10
content : 
204635682 => Lorem ipsum dolor sit amet
291198356 => eget pretium velit vehicula et.
519275039 => there are many tests
1042343401 => euismod mi ut, tristique lorem.
1105655106 => Curabitur elementum enim
1450949922 => 	
1673227668 => eget pretium velit vehicula et.
1692432651 => euismod mi ut, tristique lorem.
1754290516 => This is a test
1941755899 => 	
empty : 0
size : 10
content : 
204635682 => Lorem ipsum dolor sit amet
291198356 => eget pretium velit vehicula et.
519275039 => there are many tests
1042343401 => euismod mi ut, tristique lorem.
1105655106 => Curabitur elementum enim
1450949922 => 	
1673227668 => eget pretium velit vehicula et.
1692432651 => euismod mi ut, tristique lorem.
1754290516 => This is a test
1941755899 => 	
MAIN TEST : 1
TEST : 11 - INSERT
empty : 0
size : 10
content : 
204635682 => Lorem ipsum dolor sit amet
291198356 => eget pretium velit vehicula et.
519275039 => there are many tests
1042343401 => euismod mi ut, tristique lorem.
1105655106 => Curabitur elementum enim
1450949922 => 	
1673227668 => eget pretium velit vehicula et.
1692432651 => euismod mi ut, tristique lorem.
1754290516 => This is a test
1941755899 => 	
empty : 0
size : 10
content : 
204635682 => Lorem ipsum dolor sit amet
291198356 => eget pretium velit vehicula et.
519275039 => there are many tests
1042343401 => euismod mi ut, tristique lorem.
1105655106 => Curabitur elementum enim
1450949922 => 	
1673227668 => eget pretium velit vehicula et.
1692432651 => euismod mi ut, tristique lorem.
1754290516 => This is a test
1941755899 => 	
empty : 0
size : 10
content : 
204635682 => Lorem ipsum dolor sit amet
291198356 => eget pretium velit vehicula et.
519275039 => there are many tests
1042343401 => euismod mi ut, tristique lorem.
1105655106 => Curabitur elementum enim
1450949922 => 	
1673227668 => eget pretium velit vehicula et.
1692432651 => euismod mi ut, tristique lorem.
1754290516 => This is a test
1941755899 => 	
empty : 0
size : 10
content : 
204635682 => Lorem ipsum dolor sit amet
291198356 => eget pretium velit vehicula et.
519275039 => there are many tests
1042343401 => euismod mi ut, tristique lorem.
1105655106 => Curabitur elementum enim
1450949922 => 	
1673227668 => eget pretium velit vehicula et.
1692432651 => euismod mi ut, tristique lorem.
1754290516 => This is a test
1941755899 => 	
MAIN TEST : 2
TEST : 12 - ERASE
empty : 0
size : 10
content : 
204635682 => Lorem ipsum dolor sit amet
291198356 => eget pretium velit vehicula et.
519275039 => there are many tests
1042343401 => euismod mi ut, tristique lorem.
1105655106 => Curabitur elementum enim
1450949922 => 	
1673227668 => eget pretium velit vehicula et.
1692432651 => euismod mi ut, tristique lorem.
1754290516 => This is a test
1941755899 => 	
empty : 0
size : 10
content : 
204635682 => Lorem ipsum dolor sit amet
291198356 => eget pretium velit vehicula et.
519275039 => there are many tests
1042343401 => euismod mi ut, tristique lorem.
1105655106 => Curabitur elementum enim
1450949922 => 	
1673227668 => eget pretium velit vehicula et.
1692432651 => euismod mi ut, tristique lorem.
1754290516 => This is a test
1941755899 => 	
MAIN TEST : 3
TEST : 13 - CLEAR
empty : 0
size : 10
content : 
204635682 => Lorem ipsum dolor sit amet
291198356 => eget pretium velit vehicula et.
519275039 => there are many tests
1042343401 => euismod mi ut, tristique lorem.
1105655106 => Curabitur elementum enim
1450949922 => 	
1673227668 => eget pretium velit vehicula et.
1692432651 => euismod mi ut, tristique lorem.
1754290516 => This is a test
1941755899 => 	
empty : 0
size : 10
content : 
204635682 => Lorem ipsum dolor sit amet
291198356 => eget pretium velit vehicula et.
519275039 => there are many tests
1042343401 => euismod mi ut, tristique lorem.
1105655106 => Curabitur elementum enim
1450949922 => 	
1673227668 => eget pretium velit vehicula et.
1692432651 => euismod mi ut, tristique lorem.
1754290516 => This is a test
1941755899 => 	
MAIN TEST : 4
TEST : 14 - ERASE
empty : 0
size : 10
content : 
204635682 => Lorem ipsum dolor sit amet
291198356 => eget pretium velit vehicula et.
519275039 => there are many tests
1042343401 => euismod mi ut, tristique lorem.
1105655106 => Curabitur elementum enim
1450949922 => 	
1673227668 => eget pretium velit vehicula et.
1692432651 => euismod mi ut, tristique lorem.
1754290516 => This is a test
1941755899 => 	
empty : 0
size : 10
content : 
204635682 => Lorem ipsum dolor sit amet
291198356 => eget pretium velit vehicula et.
519275039 => there are many tests
1042343401 => euismod mi ut, tristique lorem.
1105655106 => Curabitur elementum enim
1450949922 => 	
1673227668 => eget pretium velit vehicula et.
1692432651 => euismod mi ut, tristique lorem.
1754290516 => This is a test
1941755899 => 	
MAIN TEST : 5
TEST : 15 - ERASE
empty : 0
size : 10
content : 
204635682 => Lorem ipsum dolor sit amet
291198356 => eget pretium velit vehicula et.
519275039 => there are many tests
1042343401 => euismod mi ut, tristique lorem.
1105655106 => Curabitur elementum enim
1450949922 => 	
1673227668 => eget pretium velit vehicula et.
1692432651 => euismod mi ut, tristique lorem.
1754290516 => This is a test
1941755899 => 	
empty : 0
size : 10
content : 
204635682 => Lorem ipsum dolor sit amet
291198356 => eget pretium velit vehicula et.
519275039 => there are many tests
1042343401 => euismod mi ut, tristique lorem.
1105655106 => Curabitur elementum enim
1450949922 => 	
1673227668 => eget pretium velit vehicula et.
1692432651 => euismod mi ut, tristique lorem.
1754290516 => This is a test
1941755899 => 	
MAIN TEST : 6
TEST : 16 - CLEAR
empty : 0
size : 10
content : 
204635682 => Lorem ipsum dolor sit amet
291198356 => eget pretium velit vehicula et.
519275039 => there are many tests
1042343401 => euismod mi ut, tristique lorem.
1105655106 => Curabitur elementum enim
1450949922 => 	
1673227668 => eget pretium velit vehicula et.
1692432651 => euismod mi ut, tristique lorem.
1754290516 => This is a test
1941755899 => 	
empty : 0
size : 10
content : 
204635682 => Lorem ipsum dolor sit amet
291198356 => eget pretium velit vehicula et.
519275039 => there are many tests
1042343401 => euismod mi ut, tristique lorem.
1105655106 => Curabitur elementum enim
1450949922 => 	
1673227668 => eget pretium velit vehicula et.
1692432651 => euismod mi ut, tristique lorem.
1754290516 => This is a test
1941755899 => 	
MAIN TEST : 7
TEST : 17 - INSERT
empty : 0
size : 10
content : 
204635682 => Lorem ipsum dolor sit amet
291198356 => eget pretium velit vehicula et.
519275039 => there are many tests
1042343401 => euismod mi ut, tristique lorem.
1105655106 => Curabitur elementum enim
1450949922 => 	
1673227668 => eget pretium velit vehicula et.
1692432651 => euismod mi ut, tristique lorem.
1754290516 => This is a test
1941755899 => 	
empty : 0
size : 12
content : 
204635682 => Lorem ipsum dolor sit amet
204635683 => magna. Morbi fringilla ullamcorper
204635684 => magna. Morbi fringilla ullamcorper
291198356 => eget pretium velit vehicula et.
519275039 => there are many tests
1042343401 => euismod mi ut, tristique lorem.
1105655106 => Curabitur elementum enim
1450949922 => 	
1673227668 => eget pretium velit vehicula et.
1692432651 => euismod mi ut, tristique lorem.
1754290516 => This is a test
1941755899 => 	
empty : 0
size : 12
content : 
204635682 => Lorem ipsum dolor sit amet
204635683 => magna. Morbi fringilla ullamcorper
204635684 => magna. Morbi fringilla ullamcorper
291198356 => eget pretium velit vehicula et.
519275039 => there are many tests
1042343401 => euismod mi ut, tristique lorem.
1105655106 => Curabitur elementum enim
1450949922 => 	
1673227668 => eget pretium velit vehicula et.
1692432651 => euismod mi ut, tristique lorem.
1754290516 => This is a test
1941755899 => 	
empty : 0
size : 10
content : 
204635682 => Lorem ipsum dolor sit amet
291198356 => eget pretium velit vehicula et.
519275039 => there are many tests
1042343401 => euismod mi ut, tristique lorem.
1105655106 => Curabitur elementum enim
1450949922 => 	
1673227668 => eget pretium velit vehicula et.
1692432651 => euismod mi ut, tristique lorem.
1754290516 => This is a test
1941755899 => 	
MAIN TEST : 8
TEST : 18 - ERASE
empty : 0
size : 12
content : 
204635682 => Lorem ipsum dolor sit amet
204635683 => magna. Morbi fringilla ullamcorper
204635684 => magna. Morbi fringilla ullamcorper
291198356 => eget pretium velit vehicula et.
519275039 => there are many tests
1042343401 => euismod mi ut, tristique lorem.
1105655106 => Curabitur elementum enim
1450949922 => 	
1673227668 => eget pretium velit vehicula et.
1692432651 => euismod mi ut, tristique lorem.
1754290516 => This is a test
1941755899 => 	
empty : 0
size : 10
content : 
204635682 => Lorem ipsum dolor sit amet
291198356 => eget pretium velit vehicula et.
519275039 => there are many tests
1042343401 => euismod mi ut, tristique lorem.
1105655106 => Curabitur elementum enim
1450949922 => 	
1673227668 => eget pretium velit vehicula et.
1692432651 => euismod mi ut, tristique lorem.
1754290516 => This is a test
1941755899 => 	
MAIN TEST : 9
TEST : 19 - INSERT
key :1615400249
 value : Lorem ipsum dolor sit amet
already in :1
empty : 0
size : 11
content : 
204635682 => Lorem ipsum dolor sit amet
291198356 => eget pretium velit vehicula et.
519275039 => there are many tests
1042343401 => euismod mi ut, tristique lorem.
1105655106 => Curabitur elementum enim
1450949922 => 	
1615400249 => Lorem ipsum dolor sit amet
1673227668 => eget pretium velit vehicula et.
1692432651 => euismod mi ut, tristique lorem.
1754290516 => This is a test
1941755899 => 	
empty : 0
size : 12
content : 
204635682 => Lorem ipsum dolor sit amet
204635683 => magna. Morbi fringilla ullamcorper
204635684 => magna. Morbi fringilla ullamcorper
291198356 => eget pretium velit vehicula et.
519275039 => there are many tests
1042343401 => euismod mi ut, tristique lorem.
1105655106 => Curabitur elementum enim
1450949922 => 	
1673227668 => eget pretium velit vehicula et.
1692432651 => euismod mi ut, tristique lorem.
1754290516 => This is a test
1941755899 => 	
empty : 0
size : 12
content : 
204635682 => Lorem ipsum dolor sit amet
204635683 => magna. Morbi fringilla ullamcorper
204635684 => magna. Morbi fringilla ullamcorper
291198356 => eget pretium velit vehicula et.
519275039 => there are many tests
1042343401 => euismod mi ut, tristique lorem.
1105655106 => Curabitur elementum enim
1450949922 => 	
1673227668 => eget pretium velit vehicula et.
1692432651 => euismod mi ut, tristique lorem.
1754290516 => This is a test
1941755899 => 	
empty : 0
size : 11
content : 
204635682 => Lorem ipsum dolor sit amet
291198356 => eget pretium velit vehicula et.
519275039 => there are many tests
1042343401 => euismod mi ut, tristique lorem.
1105655106 => Curabitur elementum enim
1450949922 => 	
1615400249 => Lorem ipsum dolor sit amet
1673227668 => eget pretium velit vehicula et.
1692432651 => euismod mi ut, tristique lorem.
1754290516 => This is a test
1941755899 => 	
